{"/Users/pteyim/codebase/personal/copenotes/api/src/config/database.ts": {"path":"/Users/pteyim/codebase/personal/copenotes/api/src/config/database.ts","statementMap":{"0":{"start":{"line":1,"column":0},"end":{"line":1,"column":30}},"1":{"start":{"line":2,"column":19},"end":{"line":2,"column":32}},"2":{"start":{"line":3,"column":0},"end":{"line":3,"column":null}}},"fnMap":{},"branchMap":{},"s":{"0":1,"1":1,"2":1},"f":{},"b":{}}
,"/Users/pteyim/codebase/personal/copenotes/api/src/config/env.ts": {"path":"/Users/pteyim/codebase/personal/copenotes/api/src/config/env.ts","statementMap":{"0":{"start":{"line":1,"column":0},"end":{"line":1,"column":27}},"1":{"start":{"line":2,"column":0},"end":{"line":2,"column":23}},"2":{"start":{"line":3,"column":0},"end":{"line":3,"column":29}},"3":{"start":{"line":6,"column":17},"end":{"line":6,"column":54}},"4":{"start":{"line":8,"column":0},"end":{"line":16,"column":null}},"5":{"start":{"line":9,"column":19},"end":{"line":9,"column":93}},"6":{"start":{"line":11,"column":2},"end":{"line":13,"column":null}},"7":{"start":{"line":12,"column":4},"end":{"line":12,"column":null}},"8":{"start":{"line":15,"column":2},"end":{"line":15,"column":null}},"9":{"start":{"line":18,"column":17},"end":{"line":25,"column":null}},"10":{"start":{"line":27,"column":0},"end":{"line":27,"column":null}}},"fnMap":{},"branchMap":{"0":{"loc":{"start":{"line":6,"column":17},"end":{"line":6,"column":54}},"type":"binary-expr","locations":[{"start":{"line":6,"column":17},"end":{"line":6,"column":37}},{"start":{"line":6,"column":41},"end":{"line":6,"column":54}}]},"1":{"loc":{"start":{"line":8,"column":0},"end":{"line":16,"column":null}},"type":"if","locations":[{"start":{"line":8,"column":0},"end":{"line":16,"column":null}}]},"2":{"loc":{"start":{"line":11,"column":2},"end":{"line":13,"column":null}},"type":"if","locations":[{"start":{"line":11,"column":2},"end":{"line":13,"column":null}}]},"3":{"loc":{"start":{"line":19,"column":23},"end":{"line":19,"column":60}},"type":"binary-expr","locations":[{"start":{"line":19,"column":23},"end":{"line":19,"column":54}},{"start":{"line":19,"column":58},"end":{"line":19,"column":60}}]},"4":{"loc":{"start":{"line":20,"column":12},"end":{"line":20,"column":51}},"type":"binary-expr","locations":[{"start":{"line":20,"column":12},"end":{"line":20,"column":32}},{"start":{"line":20,"column":36},"end":{"line":20,"column":51}}]},"5":{"loc":{"start":{"line":21,"column":12},"end":{"line":21,"column":70}},"type":"cond-expr","locations":[{"start":{"line":21,"column":35},"end":{"line":21,"column":63}},{"start":{"line":21,"column":66},"end":{"line":21,"column":70}}]},"6":{"loc":{"start":{"line":22,"column":14},"end":{"line":22,"column":63}},"type":"binary-expr","locations":[{"start":{"line":22,"column":14},"end":{"line":22,"column":36}},{"start":{"line":22,"column":40},"end":{"line":22,"column":63}}]},"7":{"loc":{"start":{"line":23,"column":20},"end":{"line":23,"column":54}},"type":"binary-expr","locations":[{"start":{"line":23,"column":20},"end":{"line":23,"column":48}},{"start":{"line":23,"column":52},"end":{"line":23,"column":54}}]},"8":{"loc":{"start":{"line":24,"column":33},"end":{"line":24,"column":130}},"type":"cond-expr","locations":[{"start":{"line":24,"column":77},"end":{"line":24,"column":126}},{"start":{"line":24,"column":129},"end":{"line":24,"column":130}}]}},"s":{"0":1,"1":1,"2":1,"3":1,"4":1,"5":1,"6":1,"7":0,"8":1,"9":1,"10":1},"f":{},"b":{"0":[1,0],"1":[1],"2":[0],"3":[1,0],"4":[1,0],"5":[1,0],"6":[1,0],"7":[1,0],"8":[1,0]}}
,"/Users/pteyim/codebase/personal/copenotes/api/src/config/logger.ts": {"path":"/Users/pteyim/codebase/personal/copenotes/api/src/config/logger.ts","statementMap":{"0":{"start":{"line":1,"column":0},"end":{"line":1,"column":28}},"1":{"start":{"line":5,"column":4},"end":{"line":5,"column":10}},"2":{"start":{"line":7,"column":0},"end":{"line":10,"column":null}},"3":{"start":{"line":20,"column":0},"end":{"line":20,"column":null}}},"fnMap":{},"branchMap":{},"s":{"0":1,"1":1,"2":1,"3":1},"f":{},"b":{}}
,"/Users/pteyim/codebase/personal/copenotes/api/src/config/sendgrid.ts": {"path":"/Users/pteyim/codebase/personal/copenotes/api/src/config/sendgrid.ts","statementMap":{"0":{"start":{"line":1,"column":0},"end":{"line":1,"column":41}},"1":{"start":{"line":2,"column":0},"end":{"line":2,"column":23}},"2":{"start":{"line":4,"column":0},"end":{"line":4,"column":null}},"3":{"start":{"line":5,"column":0},"end":{"line":5,"column":null}}},"fnMap":{},"branchMap":{},"s":{"0":1,"1":1,"2":1,"3":1},"f":{},"b":{}}
,"/Users/pteyim/codebase/personal/copenotes/api/src/modules/mailSender/mailingService.ts": {"path":"/Users/pteyim/codebase/personal/copenotes/api/src/modules/mailSender/mailingService.ts","statementMap":{"0":{"start":{"line":1,"column":0},"end":{"line":1,"column":28}},"1":{"start":{"line":2,"column":0},"end":{"line":2,"column":47}},"2":{"start":{"line":3,"column":0},"end":{"line":3,"column":25}},"3":{"start":{"line":5,"column":0},"end":{"line":5,"column":48}},"4":{"start":{"line":7,"column":0},"end":{"line":7,"column":50}},"5":{"start":{"line":8,"column":0},"end":{"line":8,"column":41}},"6":{"start":{"line":9,"column":0},"end":{"line":9,"column":75}},"7":{"start":{"line":11,"column":0},"end":{"line":11,"column":34}},"8":{"start":{"line":18,"column":4},"end":{"line":18,"column":null}},"9":{"start":{"line":23,"column":4},"end":{"line":25,"column":null}},"10":{"start":{"line":24,"column":6},"end":{"line":24,"column":null}},"11":{"start":{"line":27,"column":4},"end":{"line":27,"column":null}},"12":{"start":{"line":31,"column":4},"end":{"line":43,"column":null}},"13":{"start":{"line":32,"column":25},"end":{"line":39,"column":null}},"14":{"start":{"line":40,"column":6},"end":{"line":40,"column":null}},"15":{"start":{"line":42,"column":6},"end":{"line":42,"column":null}},"16":{"start":{"line":48,"column":34},"end":{"line":60,"column":6}},"17":{"start":{"line":49,"column":22},"end":{"line":49,"column":60}},"18":{"start":{"line":49,"column":56},"end":{"line":49,"column":59}},"19":{"start":{"line":53,"column":35},"end":{"line":57,"column":8}},"20":{"start":{"line":59,"column":6},"end":{"line":59,"column":null}},"21":{"start":{"line":62,"column":4},"end":{"line":64,"column":null}},"22":{"start":{"line":63,"column":6},"end":{"line":63,"column":12}},"23":{"start":{"line":67,"column":4},"end":{"line":67,"column":null}},"24":{"start":{"line":71,"column":4},"end":{"line":81,"column":null}},"25":{"start":{"line":73,"column":35},"end":{"line":77,"column":8}},"26":{"start":{"line":80,"column":6},"end":{"line":80,"column":null}},"27":{"start":{"line":85,"column":4},"end":{"line":88,"column":null}},"28":{"start":{"line":86,"column":6},"end":{"line":86,"column":null}},"29":{"start":{"line":87,"column":6},"end":{"line":87,"column":12}},"30":{"start":{"line":89,"column":4},"end":{"line":89,"column":106}},"31":{"start":{"line":89,"column":44},"end":{"line":89,"column":62}},"32":{"start":{"line":90,"column":4},"end":{"line":90,"column":null}},"33":{"start":{"line":94,"column":4},"end":{"line":96,"column":null}},"34":{"start":{"line":95,"column":6},"end":{"line":95,"column":12}},"35":{"start":{"line":97,"column":4},"end":{"line":97,"column":null}},"36":{"start":{"line":98,"column":4},"end":{"line":98,"column":null}},"37":{"start":{"line":99,"column":4},"end":{"line":99,"column":null}},"38":{"start":{"line":103,"column":4},"end":{"line":150,"column":null}},"39":{"start":{"line":104,"column":49},"end":{"line":104,"column":88}},"40":{"start":{"line":107,"column":6},"end":{"line":111,"column":null}},"41":{"start":{"line":108,"column":8},"end":{"line":108,"column":null}},"42":{"start":{"line":109,"column":8},"end":{"line":109,"column":null}},"43":{"start":{"line":110,"column":8},"end":{"line":110,"column":14}},"44":{"start":{"line":113,"column":41},"end":{"line":113,"column":89}},"45":{"start":{"line":115,"column":6},"end":{"line":115,"column":null}},"46":{"start":{"line":116,"column":6},"end":{"line":147,"column":null}},"47":{"start":{"line":117,"column":49},"end":{"line":146,"column":10}},"48":{"start":{"line":118,"column":28},"end":{"line":118,"column":90}},"49":{"start":{"line":119,"column":29},"end":{"line":119,"column":55}},"50":{"start":{"line":121,"column":10},"end":{"line":124,"column":null}},"51":{"start":{"line":122,"column":12},"end":{"line":122,"column":null}},"52":{"start":{"line":123,"column":12},"end":{"line":123,"column":18}},"53":{"start":{"line":126,"column":39},"end":{"line":130,"column":12}},"54":{"start":{"line":133,"column":10},"end":{"line":138,"column":null}},"55":{"start":{"line":134,"column":40},"end":{"line":134,"column":63}},"56":{"start":{"line":135,"column":12},"end":{"line":135,"column":null}},"57":{"start":{"line":136,"column":12},"end":{"line":136,"column":null}},"58":{"start":{"line":137,"column":12},"end":{"line":137,"column":18}},"59":{"start":{"line":140,"column":10},"end":{"line":145,"column":null}},"60":{"start":{"line":149,"column":6},"end":{"line":149,"column":null}},"61":{"start":{"line":13,"column":0},"end":{"line":13,"column":21}}},"fnMap":{"0":{"name":"(anonymous_14)","decl":{"start":{"line":17,"column":2},"end":{"line":17,"column":null}},"loc":{"start":{"line":17,"column":2},"end":{"line":19,"column":3}}},"1":{"name":"(anonymous_15)","decl":{"start":{"line":22,"column":9},"end":{"line":22,"column":15}},"loc":{"start":{"line":22,"column":27},"end":{"line":28,"column":3}}},"2":{"name":"(anonymous_16)","decl":{"start":{"line":30,"column":2},"end":{"line":30,"column":8}},"loc":{"start":{"line":30,"column":64},"end":{"line":44,"column":null}}},"3":{"name":"(anonymous_18)","decl":{"start":{"line":46,"column":9},"end":{"line":46,"column":15}},"loc":{"start":{"line":46,"column":38},"end":{"line":68,"column":3}}},"4":{"name":"(anonymous_19)","decl":{"start":{"line":48,"column":61},"end":{"line":48,"column":68}},"loc":{"start":{"line":48,"column":71},"end":{"line":60,"column":5}}},"5":{"name":"(anonymous_20)","decl":{"start":{"line":49,"column":43},"end":{"line":49,"column":44}},"loc":{"start":{"line":49,"column":56},"end":{"line":49,"column":59}}},"6":{"name":"(anonymous_21)","decl":{"start":{"line":70,"column":2},"end":{"line":70,"column":30}},"loc":{"start":{"line":70,"column":47},"end":{"line":82,"column":3}}},"7":{"name":"(anonymous_22)","decl":{"start":{"line":71,"column":35},"end":{"line":71,"column":39}},"loc":{"start":{"line":71,"column":42},"end":{"line":81,"column":5}}},"8":{"name":"(anonymous_23)","decl":{"start":{"line":84,"column":2},"end":{"line":84,"column":7}},"loc":{"start":{"line":84,"column":7},"end":{"line":91,"column":3}}},"9":{"name":"(anonymous_24)","decl":{"start":{"line":89,"column":38},"end":{"line":89,"column":41}},"loc":{"start":{"line":89,"column":44},"end":{"line":89,"column":62}}},"10":{"name":"(anonymous_25)","decl":{"start":{"line":93,"column":2},"end":{"line":93,"column":6}},"loc":{"start":{"line":93,"column":6},"end":{"line":100,"column":3}}},"11":{"name":"(anonymous_26)","decl":{"start":{"line":102,"column":8},"end":{"line":102,"column":19}},"loc":{"start":{"line":102,"column":19},"end":{"line":151,"column":null}}},"12":{"name":"(anonymous_28)","decl":{"start":{"line":117,"column":31},"end":{"line":117,"column":37}},"loc":{"start":{"line":117,"column":49},"end":{"line":146,"column":10}}},"13":{"name":"(anonymous_29)","decl":{"start":{"line":117,"column":49},"end":{"line":117,"column":null}},"loc":{"start":{"line":117,"column":49},"end":{"line":146,"column":9}}}},"branchMap":{"0":{"loc":{"start":{"line":23,"column":4},"end":{"line":25,"column":null}},"type":"if","locations":[{"start":{"line":23,"column":4},"end":{"line":25,"column":null}}]},"1":{"loc":{"start":{"line":62,"column":4},"end":{"line":64,"column":null}},"type":"if","locations":[{"start":{"line":62,"column":4},"end":{"line":64,"column":null}}]},"2":{"loc":{"start":{"line":85,"column":4},"end":{"line":88,"column":null}},"type":"if","locations":[{"start":{"line":85,"column":4},"end":{"line":88,"column":null}}]},"3":{"loc":{"start":{"line":94,"column":4},"end":{"line":96,"column":null}},"type":"if","locations":[{"start":{"line":94,"column":4},"end":{"line":96,"column":null}}]},"4":{"loc":{"start":{"line":107,"column":6},"end":{"line":111,"column":null}},"type":"if","locations":[{"start":{"line":107,"column":6},"end":{"line":111,"column":null}}]},"5":{"loc":{"start":{"line":119,"column":29},"end":{"line":119,"column":55}},"type":"cond-expr","locations":[{"start":{"line":119,"column":43},"end":{"line":119,"column":45}},{"start":{"line":119,"column":43},"end":{"line":119,"column":55}}]},"6":{"loc":{"start":{"line":119,"column":29},"end":{"line":119,"column":45}},"type":"binary-expr","locations":[{"start":{"line":119,"column":29},"end":{"line":119,"column":45}},{"start":{"line":119,"column":43},"end":{"line":119,"column":45}}]},"7":{"loc":{"start":{"line":119,"column":29},"end":{"line":119,"column":43}},"type":"cond-expr","locations":[{"start":{"line":119,"column":38},"end":{"line":119,"column":41}},{"start":{"line":119,"column":29},"end":{"line":119,"column":43}}]},"8":{"loc":{"start":{"line":119,"column":29},"end":{"line":119,"column":41}},"type":"binary-expr","locations":[{"start":{"line":119,"column":29},"end":{"line":119,"column":41}},{"start":{"line":119,"column":29},"end":{"line":119,"column":41}}]},"9":{"loc":{"start":{"line":121,"column":10},"end":{"line":124,"column":null}},"type":"if","locations":[{"start":{"line":121,"column":10},"end":{"line":124,"column":null}}]},"10":{"loc":{"start":{"line":133,"column":10},"end":{"line":138,"column":null}},"type":"if","locations":[{"start":{"line":133,"column":10},"end":{"line":138,"column":null}}]},"11":{"loc":{"start":{"line":135,"column":49},"end":{"line":135,"column":109}},"type":"cond-expr","locations":[{"start":{"line":135,"column":87},"end":{"line":135,"column":98}},{"start":{"line":135,"column":101},"end":{"line":135,"column":109}}]},"12":{"loc":{"start":{"line":144,"column":28},"end":{"line":144,"column":88}},"type":"cond-expr","locations":[{"start":{"line":144,"column":66},"end":{"line":144,"column":77}},{"start":{"line":144,"column":80},"end":{"line":144,"column":88}}]}},"s":{"0":1,"1":1,"2":1,"3":1,"4":1,"5":1,"6":1,"7":1,"8":1,"9":18,"10":1,"11":18,"12":5,"13":5,"14":5,"15":0,"16":8,"17":19,"18":31,"19":19,"20":19,"21":8,"22":4,"23":4,"24":5,"25":11,"26":11,"27":2,"28":1,"29":1,"30":1,"31":0,"32":1,"33":12,"34":11,"35":1,"36":1,"37":1,"38":4,"39":4,"40":4,"41":2,"42":2,"43":2,"44":2,"45":2,"46":2,"47":4,"48":4,"49":4,"50":4,"51":0,"52":0,"53":4,"54":4,"55":1,"56":1,"57":1,"58":1,"59":3,"60":0,"61":1},"f":{"0":1,"1":18,"2":5,"3":8,"4":19,"5":31,"6":5,"7":11,"8":2,"9":0,"10":12,"11":4,"12":4,"13":4},"b":{"0":[1],"1":[4],"2":[1],"3":[11],"4":[2],"5":[0,4],"6":[4,4],"7":[0,4],"8":[4,4],"9":[0],"10":[1],"11":[1,0],"12":[3,0]}}
,"/Users/pteyim/codebase/personal/copenotes/api/src/modules/message/messageModel.ts": {"path":"/Users/pteyim/codebase/personal/copenotes/api/src/modules/message/messageModel.ts","statementMap":{"0":{"start":{"line":1,"column":0},"end":{"line":1,"column":42}},"1":{"start":{"line":3,"column":0},"end":{"line":7,"column":null}}},"fnMap":{},"branchMap":{},"s":{"0":1,"1":1},"f":{},"b":{}}
,"/Users/pteyim/codebase/personal/copenotes/api/src/modules/user/userMessageModel.ts": {"path":"/Users/pteyim/codebase/personal/copenotes/api/src/modules/user/userMessageModel.ts","statementMap":{"0":{"start":{"line":1,"column":0},"end":{"line":1,"column":42}},"1":{"start":{"line":3,"column":0},"end":{"line":3,"column":null}},"2":{"start":{"line":4,"column":2},"end":{"line":4,"column":null}},"3":{"start":{"line":5,"column":2},"end":{"line":5,"column":null}},"4":{"start":{"line":8,"column":0},"end":{"line":13,"column":null}}},"fnMap":{"0":{"name":"(anonymous_1)","decl":{"start":{"line":3,"column":0},"end":{"line":3,"column":12}},"loc":{"start":{"line":3,"column":26},"end":{"line":6,"column":1}}}},"branchMap":{"0":{"loc":{"start":{"line":3,"column":12},"end":{"line":3,"column":null}},"type":"binary-expr","locations":[{"start":{"line":3,"column":12},"end":{"line":3,"column":26}},{"start":{"line":3,"column":12},"end":{"line":3,"column":null}}]}},"s":{"0":1,"1":1,"2":1,"3":1,"4":1},"f":{"0":1},"b":{"0":[1,1]}}
,"/Users/pteyim/codebase/personal/copenotes/api/src/modules/user/userModel.ts": {"path":"/Users/pteyim/codebase/personal/copenotes/api/src/modules/user/userModel.ts","statementMap":{"0":{"start":{"line":1,"column":0},"end":{"line":1,"column":42}},"1":{"start":{"line":3,"column":0},"end":{"line":8,"column":null}}},"fnMap":{},"branchMap":{},"s":{"0":1,"1":1},"f":{},"b":{}}
,"/Users/pteyim/codebase/personal/copenotes/api/src/tests/helpers.ts": {"path":"/Users/pteyim/codebase/personal/copenotes/api/src/tests/helpers.ts","statementMap":{"0":{"start":{"line":1,"column":0},"end":{"line":1,"column":65}},"1":{"start":{"line":2,"column":0},"end":{"line":2,"column":49}},"2":{"start":{"line":3,"column":0},"end":{"line":3,"column":63}},"3":{"start":{"line":4,"column":0},"end":{"line":4,"column":58}},"4":{"start":{"line":6,"column":24},"end":{"line":10,"column":null}},"5":{"start":{"line":6,"column":35},"end":{"line":10,"column":null}},"6":{"start":{"line":7,"column":2},"end":{"line":7,"column":null}},"7":{"start":{"line":9,"column":2},"end":{"line":9,"column":null}},"8":{"start":{"line":6,"column":13},"end":{"line":6,"column":24}},"9":{"start":{"line":12,"column":23},"end":{"line":16,"column":1}},"10":{"start":{"line":13,"column":2},"end":{"line":13,"column":null}},"11":{"start":{"line":14,"column":2},"end":{"line":14,"column":null}},"12":{"start":{"line":15,"column":2},"end":{"line":15,"column":null}},"13":{"start":{"line":12,"column":13},"end":{"line":12,"column":23}}},"fnMap":{"0":{"name":"(anonymous_8)","decl":{"start":{"line":6,"column":24},"end":{"line":6,"column":33}},"loc":{"start":{"line":6,"column":35},"end":{"line":10,"column":null}}},"1":{"name":"(anonymous_9)","decl":{"start":{"line":6,"column":35},"end":{"line":6,"column":null}},"loc":{"start":{"line":6,"column":35},"end":{"line":10,"column":1}}},"2":{"name":"(anonymous_10)","decl":{"start":{"line":12,"column":23},"end":{"line":12,"column":26}},"loc":{"start":{"line":12,"column":28},"end":{"line":16,"column":1}}}},"branchMap":{},"s":{"0":1,"1":1,"2":1,"3":1,"4":1,"5":10,"6":10,"7":10,"8":1,"9":1,"10":10,"11":10,"12":10,"13":1},"f":{"0":10,"1":10,"2":10},"b":{}}
}
