TN:
SF:src/config/database.ts
FNF:0
FNH:0
DA:1,1
DA:2,1
DA:3,1
LF:3
LH:3
BRF:0
BRH:0
end_of_record
TN:
SF:src/config/env.ts
FNF:0
FNH:0
DA:1,1
DA:2,1
DA:3,1
DA:6,1
DA:8,1
DA:9,1
DA:11,1
DA:12,0
DA:15,1
DA:18,1
DA:27,1
LF:11
LH:10
BRDA:6,0,0,1
BRDA:6,0,1,0
BRDA:8,1,0,1
BRDA:11,2,0,0
BRDA:19,3,0,1
BRDA:19,3,1,0
BRDA:20,4,0,1
BRDA:20,4,1,0
BRDA:21,5,0,1
BRDA:21,5,1,0
BRDA:22,6,0,1
BRDA:22,6,1,0
BRDA:23,7,0,1
BRDA:23,7,1,0
BRDA:24,8,0,1
BRDA:24,8,1,0
BRF:16
BRH:8
end_of_record
TN:
SF:src/config/logger.ts
FNF:0
FNH:0
DA:1,1
DA:5,1
DA:7,1
DA:20,1
LF:4
LH:4
BRF:0
BRH:0
end_of_record
TN:
SF:src/config/sendgrid.ts
FNF:0
FNH:0
DA:1,1
DA:2,1
DA:4,1
DA:5,1
LF:4
LH:4
BRF:0
BRH:0
end_of_record
TN:
SF:src/modules/mailSender/mailingService.ts
FN:17,(anonymous_14)
FN:22,(anonymous_15)
FN:30,(anonymous_16)
FN:46,(anonymous_18)
FN:48,(anonymous_19)
FN:49,(anonymous_20)
FN:70,(anonymous_21)
FN:71,(anonymous_22)
FN:84,(anonymous_23)
FN:89,(anonymous_24)
FN:93,(anonymous_25)
FN:102,(anonymous_26)
FN:117,(anonymous_28)
FN:117,(anonymous_29)
FNF:14
FNH:13
FNDA:1,(anonymous_14)
FNDA:18,(anonymous_15)
FNDA:5,(anonymous_16)
FNDA:8,(anonymous_18)
FNDA:19,(anonymous_19)
FNDA:31,(anonymous_20)
FNDA:5,(anonymous_21)
FNDA:11,(anonymous_22)
FNDA:2,(anonymous_23)
FNDA:0,(anonymous_24)
FNDA:12,(anonymous_25)
FNDA:4,(anonymous_26)
FNDA:4,(anonymous_28)
FNDA:4,(anonymous_29)
DA:1,1
DA:2,1
DA:3,1
DA:5,1
DA:7,1
DA:8,1
DA:9,1
DA:11,1
DA:13,1
DA:18,1
DA:23,18
DA:24,1
DA:27,18
DA:31,5
DA:32,5
DA:40,5
DA:42,0
DA:48,8
DA:49,31
DA:53,19
DA:59,19
DA:62,8
DA:63,4
DA:67,4
DA:71,5
DA:73,11
DA:80,11
DA:85,2
DA:86,1
DA:87,1
DA:89,1
DA:90,1
DA:94,12
DA:95,11
DA:97,1
DA:98,1
DA:99,1
DA:103,4
DA:104,4
DA:107,4
DA:108,2
DA:109,2
DA:110,2
DA:113,2
DA:115,2
DA:116,2
DA:117,4
DA:118,4
DA:119,4
DA:121,4
DA:122,0
DA:123,0
DA:126,4
DA:133,4
DA:134,1
DA:135,1
DA:136,1
DA:137,1
DA:140,3
DA:149,0
LF:60
LH:56
BRDA:23,0,0,1
BRDA:62,1,0,4
BRDA:85,2,0,1
BRDA:94,3,0,11
BRDA:107,4,0,2
BRDA:119,5,0,0
BRDA:119,5,1,4
BRDA:119,6,0,4
BRDA:119,6,1,4
BRDA:119,7,0,0
BRDA:119,7,1,4
BRDA:119,8,0,4
BRDA:119,8,1,4
BRDA:121,9,0,0
BRDA:133,10,0,1
BRDA:135,11,0,1
BRDA:135,11,1,0
BRDA:144,12,0,3
BRDA:144,12,1,0
BRF:19
BRH:14
end_of_record
TN:
SF:src/modules/message/messageModel.ts
FNF:0
FNH:0
DA:1,1
DA:3,1
LF:2
LH:2
BRF:0
BRH:0
end_of_record
TN:
SF:src/modules/user/userMessageModel.ts
FN:3,(anonymous_1)
FNF:1
FNH:1
FNDA:1,(anonymous_1)
DA:1,1
DA:3,1
DA:4,1
DA:5,1
DA:8,1
LF:5
LH:5
BRDA:3,0,0,1
BRDA:3,0,1,1
BRF:2
BRH:2
end_of_record
TN:
SF:src/modules/user/userModel.ts
FNF:0
FNH:0
DA:1,1
DA:3,1
LF:2
LH:2
BRF:0
BRH:0
end_of_record
TN:
SF:src/tests/helpers.ts
FN:6,(anonymous_8)
FN:6,(anonymous_9)
FN:12,(anonymous_10)
FNF:3
FNH:3
FNDA:10,(anonymous_8)
FNDA:10,(anonymous_9)
FNDA:10,(anonymous_10)
DA:1,1
DA:2,1
DA:3,1
DA:4,1
DA:6,10
DA:7,10
DA:9,10
DA:12,1
DA:13,10
DA:14,10
DA:15,10
LF:11
LH:11
BRF:0
BRH:0
end_of_record
